Using pre-set license
Built from '2020.2/release' branch; Version is '2020.2.1f1 (270dd8c3da1c) revision 2559448'; Using compiler version '192528614'; Build Type 'Release'
OS: 'Windows 10  (10.0.0) 64bit' Language: 'en' Physical Memory: 11976 MB
BatchMode: 1, IsHumanControllingUs: 0, StartBugReporterOnCrash: 0, Is64bit: 1, IsPro: 0

 COMMAND LINE ARGUMENTS:
C:\Program Files\Unity\Hub\Editor\2020.2.1f1\Editor\Unity.exe
-adb2
-batchMode
-noUpm
-name
AssetImportWorker0
-projectPath
C:/Users/jrcro/UnityProjects/PizzaMovement
-logFile
Logs/AssetImportWorker0.log
-srvPort
61160
Successfully changed project path to: C:/Users/jrcro/UnityProjects/PizzaMovement
C:/Users/jrcro/UnityProjects/PizzaMovement
Using Asset Import Pipeline V2.
Refreshing native plugins compatible for Editor in 53.12 ms, found 1 plugins.
Preloading 0 native plugins for Editor in 0.00 ms.
Initialize engine version: 2020.2.1f1 (270dd8c3da1c)
[Subsystems] Discovering subsystems at path C:/Program Files/Unity/Hub/Editor/2020.2.1f1/Editor/Data/Resources/UnitySubsystems
[Subsystems] Discovering subsystems at path C:/Users/jrcro/UnityProjects/PizzaMovement/Assets
GfxDevice: creating device client; threaded=0
Direct3D:
    Version:  Direct3D 11.0 [level 11.1]
    Renderer: Intel(R) UHD Graphics (ID=0x8a56)
    Vendor:   
    VRAM:     5988 MB
    Driver:   26.20.100.7926
Initialize mono
Mono path[0] = 'C:/Program Files/Unity/Hub/Editor/2020.2.1f1/Editor/Data/Managed'
Mono path[1] = 'C:/Program Files/Unity/Hub/Editor/2020.2.1f1/Editor/Data/MonoBleedingEdge/lib/mono/unityjit'
Mono config path = 'C:/Program Files/Unity/Hub/Editor/2020.2.1f1/Editor/Data/MonoBleedingEdge/etc'
Using monoOptions --debugger-agent=transport=dt_socket,embedding=1,server=y,suspend=n,address=127.0.0.1:56108
Begin MonoManager ReloadAssembly
Registering precompiled unity dll's ...
Register platform support module: C:/Program Files/Unity/Hub/Editor/2020.2.1f1/Editor/Data/PlaybackEngines/WindowsStandaloneSupport/UnityEditor.WindowsStandalone.Extensions.dll
Registered in 0.001755 seconds.
Native extension for WindowsStandalone target not found
Refreshing native plugins compatible for Editor in 57.21 ms, found 1 plugins.
Preloading 0 native plugins for Editor in 0.00 ms.
Invoked RoslynAnalysisRunner static constructor.
RoslynAnalysisRunner will not be running.
RoslynAnalysisRunner has terminated.
Mono: successfully reloaded assembly
- Completed reload, in  1.239 seconds
Platform modules already initialized, skipping
Registering precompiled user dll's ...
Registered in 0.001047 seconds.
Begin MonoManager ReloadAssembly
Native extension for WindowsStandalone target not found
Refreshing native plugins compatible for Editor in 50.17 ms, found 1 plugins.
Preloading 0 native plugins for Editor in 0.00 ms.
Invoked RoslynAnalysisRunner static constructor.
RoslynAnalysisRunner will not be running.
RoslynAnalysisRunner has terminated.
Mono: successfully reloaded assembly
- Completed reload, in  1.350 seconds
Platform modules already initialized, skipping
========================================================================
Worker process is ready to serve import requests
Launched and connected shader compiler UnityShaderCompiler.exe after 0.04 seconds
Refreshing native plugins compatible for Editor in 0.41 ms, found 1 plugins.
Preloading 0 native plugins for Editor in 0.00 ms.
Unloading 2230 Unused Serialized files (Serialized files now loaded: 0)
System memory in use before: 99.0 MB.
System memory in use after: 99.0 MB.

Unloading 27 unused Assets to reduce memory usage. Loaded Objects now: 2671.
Total: 2.554200 ms (FindLiveObjects: 0.460200 ms CreateObjectMapping: 0.187200 ms MarkObjects: 1.789500 ms  DeleteObjects: 0.115100 ms)

========================================================================
Received Import Request.
  path: Assets
  artifactKey: Guid(00000000000000001000000000000000) Importer(815301076,1909f56bfc062723c751e8b465ee728b)
Start importing Assets using Guid(00000000000000001000000000000000) Importer(815301076,1909f56bfc062723c751e8b465ee728b)  -> (artifact id: 'e1a2c4dac9df7c17871e19a3b74f0e9f') in 0.014051 seconds
  Import took 0.019272 seconds .

========================================================================
Received Import Request.
  Time since last request: 0.589459 seconds.
  path: Assets/InputSystem
  artifactKey: Guid(d722c3899ddb9c84b8ff09879dbc5980) Importer(815301076,1909f56bfc062723c751e8b465ee728b)
Start importing Assets/InputSystem using Guid(d722c3899ddb9c84b8ff09879dbc5980) Importer(815301076,1909f56bfc062723c751e8b465ee728b)  -> (artifact id: 'fb87c32048540eef9f0930ffdab45f85') in 0.012497 seconds
  Import took 0.020014 seconds .

========================================================================
Received Import Request.
  Time since last request: 6.021652 seconds.
  path: Assets/Prefabs
  artifactKey: Guid(b8a482ad5fa86f74e83d31d0c0628daf) Importer(815301076,1909f56bfc062723c751e8b465ee728b)
Start importing Assets/Prefabs using Guid(b8a482ad5fa86f74e83d31d0c0628daf) Importer(815301076,1909f56bfc062723c751e8b465ee728b)  -> (artifact id: '6cc33a00c733df74bb72541d3a6bd4b4') in 0.012470 seconds
  Import took 0.016855 seconds .

========================================================================
Received Import Request.
  Time since last request: 0.002643 seconds.
  path: Assets/Prefabs
  artifactKey: Guid(b8a482ad5fa86f74e83d31d0c0628daf) Importer(815301076,1909f56bfc062723c751e8b465ee728b)
Start importing Assets/Prefabs using Guid(b8a482ad5fa86f74e83d31d0c0628daf) Importer(815301076,1909f56bfc062723c751e8b465ee728b)  -> (artifact id: '6cc33a00c733df74bb72541d3a6bd4b4') in 0.005156 seconds
  Import took 0.011306 seconds .

========================================================================
Received Import Request.
  Time since last request: 4.113739 seconds.
  path: Assets/Art
  artifactKey: Guid(2b45243927031454bbc1c287b6c39826) Importer(815301076,1909f56bfc062723c751e8b465ee728b)
Start importing Assets/Art using Guid(2b45243927031454bbc1c287b6c39826) Importer(815301076,1909f56bfc062723c751e8b465ee728b)  -> (artifact id: 'acce566a2d7f08317cd296b72bd32a8b') in 0.017212 seconds
  Import took 0.025402 seconds .

========================================================================
Received Import Request.
  Time since last request: 4.166718 seconds.
  path: Assets/Scripts
  artifactKey: Guid(ab58ce712ac794c4db81a741b73e1f3c) Importer(815301076,1909f56bfc062723c751e8b465ee728b)
Start importing Assets/Scripts using Guid(ab58ce712ac794c4db81a741b73e1f3c) Importer(815301076,1909f56bfc062723c751e8b465ee728b)  -> (artifact id: '4db1b884e136ff82fdfff73f4c87e312') in 0.013375 seconds
  Import took 0.018376 seconds .

========================================================================
Received Import Request.
  Time since last request: 0.002120 seconds.
  path: Assets/Scripts
  artifactKey: Guid(ab58ce712ac794c4db81a741b73e1f3c) Importer(815301076,1909f56bfc062723c751e8b465ee728b)
Start importing Assets/Scripts using Guid(ab58ce712ac794c4db81a741b73e1f3c) Importer(815301076,1909f56bfc062723c751e8b465ee728b)  -> (artifact id: '4db1b884e136ff82fdfff73f4c87e312') in 0.004780 seconds
  Import took 0.011947 seconds .

========================================================================
Received Import Request.
  Time since last request: 5.983992 seconds.
  path: Assets/ScriptableObjects
  artifactKey: Guid(9ec756122a875cf42bbb33a32ef1e085) Importer(815301076,1909f56bfc062723c751e8b465ee728b)
Start importing Assets/ScriptableObjects using Guid(9ec756122a875cf42bbb33a32ef1e085) Importer(815301076,1909f56bfc062723c751e8b465ee728b)  -> (artifact id: '9161be20bc658c7cbfac54e410b97f01') in 0.014884 seconds
  Import took 0.019848 seconds .

========================================================================
Received Import Request.
  Time since last request: 0.002373 seconds.
  path: Assets/ScriptableObjects
  artifactKey: Guid(9ec756122a875cf42bbb33a32ef1e085) Importer(815301076,1909f56bfc062723c751e8b465ee728b)
Start importing Assets/ScriptableObjects using Guid(9ec756122a875cf42bbb33a32ef1e085) Importer(815301076,1909f56bfc062723c751e8b465ee728b)  -> (artifact id: '9161be20bc658c7cbfac54e410b97f01') in 0.004038 seconds
  Import took 0.010156 seconds .

========================================================================
Received Import Request.
  Time since last request: 4.726895 seconds.
  path: Assets/Scripts/Player
  artifactKey: Guid(c16642b1c187b0a468cd55cc33a323fb) Importer(815301076,1909f56bfc062723c751e8b465ee728b)
Start importing Assets/Scripts/Player using Guid(c16642b1c187b0a468cd55cc33a323fb) Importer(815301076,1909f56bfc062723c751e8b465ee728b)  -> (artifact id: 'a664726e4753ed0108344f721d688e02') in 0.016391 seconds
  Import took 0.021277 seconds .

========================================================================
Received Import Request.
  Time since last request: 41.914288 seconds.
  path: Assets/Art/TealDebugTiles1.png
  artifactKey: Guid(c704e17585c3df046874de82c30dfd6c) Importer(815301076,1909f56bfc062723c751e8b465ee728b)
Start importing Assets/Art/TealDebugTiles1.png using Guid(c704e17585c3df046874de82c30dfd6c) Importer(815301076,1909f56bfc062723c751e8b465ee728b)  -> (artifact id: 'f09f2243be0f4c458569ec99ab7e7386') in 0.171404 seconds
  Import took 0.176562 seconds .

========================================================================
Received Import Request.
  Time since last request: 0.000221 seconds.
  path: Assets/Art/TealDebugTiles2.png
  artifactKey: Guid(517222a44a44bc644a4ae96b4b8f32f5) Importer(815301076,1909f56bfc062723c751e8b465ee728b)
Start importing Assets/Art/TealDebugTiles2.png using Guid(517222a44a44bc644a4ae96b4b8f32f5) Importer(815301076,1909f56bfc062723c751e8b465ee728b)  -> (artifact id: '13b73eab5fa909444a6e02595f39bd36') in 0.018559 seconds
  Import took 0.023020 seconds .

========================================================================
Received Import Request.
  Time since last request: 5.684654 seconds.
  path: Assets/Art/TealDebugTiles1.png
  artifactKey: Guid(c704e17585c3df046874de82c30dfd6c) Importer(815301076,1909f56bfc062723c751e8b465ee728b)
Start importing Assets/Art/TealDebugTiles1.png using Guid(c704e17585c3df046874de82c30dfd6c) Importer(815301076,1909f56bfc062723c751e8b465ee728b)  -> (artifact id: '09ce49d48e0c78d7bd8b57a212d6cae3') in 0.013740 seconds
  Import took 0.019396 seconds .

========================================================================
Received Import Request.
  Time since last request: 12.248852 seconds.
  path: Assets/Art/TealDebugTiles2.png
  artifactKey: Guid(517222a44a44bc644a4ae96b4b8f32f5) Importer(815301076,1909f56bfc062723c751e8b465ee728b)
Start importing Assets/Art/TealDebugTiles2.png using Guid(517222a44a44bc644a4ae96b4b8f32f5) Importer(815301076,1909f56bfc062723c751e8b465ee728b)  -> (artifact id: '3797738de47a9ed5a4224e347ac5ee63') in 0.015138 seconds
  Import took 0.020292 seconds .

AssetImportWorkerClient::OnTransportError - code=2 error=End of file
